<?xml version="1.0" encoding="UTF-8"?>
<!-- Generated by org.testng.reporters.JUnitReportReporter -->
<testsuite hostname="DESKTOP-G2P5PIN" failures="0" tests="8" name="ExecutionTestCases.PetKonnect" time="49.982" errors="0" timestamp="2024-07-05T00:10:37 IST" skipped="2">
  <testcase classname="ExecutionTestCases.PetKonnect" name="testnavigationOfHomepage" time="1.301"/>
  <system-out/>
  <testcase classname="ExecutionTestCases.PetKonnect" name="testLogo" time="0.612"/>
  <system-out/>
  <testcase classname="ExecutionTestCases.PetKonnect" name="testLogoNavigation" time="3.600"/>
  <system-out/>
  <testcase classname="ExecutionTestCases.PetKonnect" name="testvalidKeysSearchInput" time="6.607"/>
  <system-out/>
  <testcase classname="ExecutionTestCases.PetKonnect" name="testInvalidKeysSearchInput" time="25.732"/>
  <system-out/>
  <testcase classname="ExecutionTestCases.PetKonnect" name="testBlankKeysSearchInput" time="12.130"/>
  <system-out/>
  <testcase classname="ExecutionTestCases.PetKonnect" name="testLinksConnectivity">
    <skipped/>
  </testcase> <!-- testLinksConnectivity -->
  <system-out/>
  <testcase classname="ExecutionTestCases.PetKonnect" name="testImagesVisibility">
    <skipped/>
  </testcase> <!-- testImagesVisibility -->
  <system-out/>
</testsuite> <!-- ExecutionTestCases.PetKonnect -->
